2025/10/11 19:07:00 [emerg] 1#1: host not found in upstream "backend" in /etc/nginx/conf.d/default.conf:28
2025/10/11 19:07:06 [emerg] 1#1: host not found in upstream "backend" in /etc/nginx/conf.d/default.conf:28
2025/10/11 19:07:11 [emerg] 1#1: host not found in upstream "backend" in /etc/nginx/conf.d/default.conf:28
2025/10/11 19:07:17 [emerg] 1#1: host not found in upstream "backend" in /etc/nginx/conf.d/default.conf:28
2025/10/11 19:07:22 [emerg] 1#1: host not found in upstream "backend" in /etc/nginx/conf.d/default.conf:28
2025/10/11 19:07:29 [emerg] 1#1: host not found in upstream "backend" in /etc/nginx/conf.d/default.conf:28
2025/10/11 19:07:38 [emerg] 1#1: host not found in upstream "backend" in /etc/nginx/conf.d/default.conf:28
2025/10/11 19:07:49 [emerg] 1#1: host not found in upstream "backend" in /etc/nginx/conf.d/default.conf:28
2025/10/11 19:08:07 [emerg] 1#1: host not found in upstream "backend" in /etc/nginx/conf.d/default.conf:28
2025/10/11 19:08:38 [emerg] 1#1: host not found in upstream "backend" in /etc/nginx/conf.d/default.conf:28
2025/10/11 19:09:14 [notice] 1#1: using the "epoll" event method
2025/10/11 19:09:14 [notice] 1#1: nginx/1.28.0
2025/10/11 19:09:14 [notice] 1#1: built by gcc 14.2.0 (Alpine 14.2.0) 
2025/10/11 19:09:14 [notice] 1#1: OS: Linux 6.14.0-33-generic
2025/10/11 19:09:14 [notice] 1#1: getrlimit(RLIMIT_NOFILE): 1048576:1048576
2025/10/11 19:09:14 [notice] 1#1: start worker processes
2025/10/11 19:09:14 [notice] 1#1: start worker process 29
2025/10/11 19:09:14 [notice] 1#1: start worker process 30
2025/10/11 19:09:14 [notice] 1#1: start worker process 31
2025/10/11 19:09:14 [notice] 1#1: start worker process 32
2025/10/11 19:09:14 [notice] 1#1: start worker process 33
2025/10/11 19:09:14 [notice] 1#1: start worker process 34
2025/10/11 19:09:14 [notice] 1#1: start worker process 35
2025/10/11 19:09:14 [notice] 1#1: start worker process 36
2025/10/11 19:09:14 [notice] 1#1: start worker process 37
2025/10/11 19:09:14 [notice] 1#1: start worker process 38
2025/10/11 19:09:14 [notice] 1#1: start worker process 39
2025/10/11 19:09:14 [notice] 1#1: start worker process 40
2025/10/11 19:09:14 [notice] 1#1: start worker process 41
2025/10/11 19:09:14 [notice] 1#1: start worker process 42
2025/10/11 19:09:14 [notice] 1#1: start worker process 43
2025/10/11 19:09:14 [notice] 1#1: start worker process 44
2025/10/11 19:09:51 [error] 32#32: *4 connect() failed (111: Connection refused) while connecting to upstream, client: 172.18.0.1, server: localhost, request: "GET /api/health HTTP/1.1", upstream: "http://172.17.0.1:5050/health", host: "localhost:8080"
2025/10/11 19:32:46 [error] 31#31: *51 connect() failed (111: Connection refused) while connecting to upstream, client: 172.18.0.1, server: localhost, request: "GET /api/health HTTP/1.1", upstream: "http://172.17.0.1:5050/health", host: "localhost:8080"
2025/10/11 19:39:51 [notice] 1#1: signal 3 (SIGQUIT) received, shutting down
2025/10/11 19:39:51 [notice] 29#29: gracefully shutting down
2025/10/11 19:39:51 [notice] 30#30: gracefully shutting down
2025/10/11 19:39:51 [notice] 35#35: gracefully shutting down
2025/10/11 19:39:51 [notice] 31#31: gracefully shutting down
2025/10/11 19:39:51 [notice] 33#33: gracefully shutting down
2025/10/11 19:39:51 [notice] 32#32: gracefully shutting down
2025/10/11 19:39:51 [notice] 34#34: gracefully shutting down
2025/10/11 19:39:51 [notice] 36#36: gracefully shutting down
2025/10/11 19:39:51 [notice] 29#29: exiting
2025/10/11 19:39:51 [notice] 30#30: exiting
2025/10/11 19:39:51 [notice] 35#35: exiting
2025/10/11 19:39:51 [notice] 31#31: exiting
2025/10/11 19:39:51 [notice] 37#37: gracefully shutting down
2025/10/11 19:39:51 [notice] 33#33: exiting
2025/10/11 19:39:51 [notice] 32#32: exiting
2025/10/11 19:39:51 [notice] 38#38: gracefully shutting down
2025/10/11 19:39:51 [notice] 39#39: gracefully shutting down
2025/10/11 19:39:51 [notice] 34#34: exiting
2025/10/11 19:39:51 [notice] 36#36: exiting
2025/10/11 19:39:51 [notice] 37#37: exiting
2025/10/11 19:39:51 [notice] 38#38: exiting
2025/10/11 19:39:51 [notice] 39#39: exiting
2025/10/11 19:39:51 [notice] 40#40: gracefully shutting down
2025/10/11 19:39:51 [notice] 40#40: exiting
2025/10/11 19:39:51 [notice] 41#41: gracefully shutting down
2025/10/11 19:39:51 [notice] 41#41: exiting
2025/10/11 19:39:51 [notice] 42#42: gracefully shutting down
2025/10/11 19:39:51 [notice] 29#29: exit
2025/10/11 19:39:51 [notice] 31#31: exit
2025/10/11 19:39:51 [notice] 35#35: exit
2025/10/11 19:39:51 [notice] 30#30: exit
2025/10/11 19:39:51 [notice] 32#32: exit
2025/10/11 19:39:51 [notice] 33#33: exit
2025/10/11 19:39:51 [notice] 34#34: exit
2025/10/11 19:39:51 [notice] 42#42: exiting
2025/10/11 19:39:51 [notice] 38#38: exit
2025/10/11 19:39:51 [notice] 36#36: exit
2025/10/11 19:39:51 [notice] 39#39: exit
2025/10/11 19:39:51 [notice] 40#40: exit
2025/10/11 19:39:51 [notice] 41#41: exit
2025/10/11 19:39:51 [notice] 43#43: gracefully shutting down
2025/10/11 19:39:51 [notice] 42#42: exit
2025/10/11 19:39:51 [notice] 43#43: exiting
2025/10/11 19:39:51 [notice] 43#43: exit
2025/10/11 19:39:51 [notice] 44#44: gracefully shutting down
2025/10/11 19:39:51 [notice] 44#44: exiting
2025/10/11 19:39:51 [notice] 37#37: exit
2025/10/11 19:39:51 [notice] 44#44: exit
2025/10/11 19:39:51 [notice] 1#1: signal 17 (SIGCHLD) received from 35
2025/10/11 19:39:51 [notice] 1#1: worker process 35 exited with code 0
2025/10/11 19:39:51 [notice] 1#1: worker process 41 exited with code 0
2025/10/11 19:39:51 [notice] 1#1: signal 29 (SIGIO) received
2025/10/11 19:39:51 [notice] 1#1: signal 17 (SIGCHLD) received from 39
2025/10/11 19:39:51 [notice] 1#1: worker process 39 exited with code 0
2025/10/11 19:39:51 [notice] 1#1: signal 29 (SIGIO) received
2025/10/11 19:39:51 [notice] 1#1: signal 17 (SIGCHLD) received from 42
2025/10/11 19:39:51 [notice] 1#1: worker process 42 exited with code 0
2025/10/11 19:39:51 [notice] 1#1: signal 29 (SIGIO) received
2025/10/11 19:39:51 [notice] 1#1: signal 17 (SIGCHLD) received from 38
2025/10/11 19:39:51 [notice] 1#1: worker process 38 exited with code 0
2025/10/11 19:39:51 [notice] 1#1: signal 29 (SIGIO) received
2025/10/11 19:39:51 [notice] 1#1: signal 17 (SIGCHLD) received from 31
2025/10/11 19:39:51 [notice] 1#1: worker process 31 exited with code 0
2025/10/11 19:39:51 [notice] 1#1: worker process 32 exited with code 0
2025/10/11 19:39:51 [notice] 1#1: worker process 34 exited with code 0
2025/10/11 19:39:51 [notice] 1#1: worker process 37 exited with code 0
2025/10/11 19:39:51 [notice] 1#1: signal 29 (SIGIO) received
2025/10/11 19:39:51 [notice] 1#1: signal 17 (SIGCHLD) received from 34
2025/10/11 19:39:51 [notice] 1#1: signal 17 (SIGCHLD) received from 36
2025/10/11 19:39:51 [notice] 1#1: worker process 36 exited with code 0
2025/10/11 19:39:51 [notice] 1#1: worker process 40 exited with code 0
2025/10/11 19:39:51 [notice] 1#1: worker process 44 exited with code 0
2025/10/11 19:39:51 [notice] 1#1: signal 29 (SIGIO) received
2025/10/11 19:39:51 [notice] 1#1: signal 17 (SIGCHLD) received from 33
2025/10/11 19:39:51 [notice] 1#1: worker process 33 exited with code 0
2025/10/11 19:39:51 [notice] 1#1: signal 29 (SIGIO) received
2025/10/11 19:39:51 [notice] 1#1: signal 17 (SIGCHLD) received from 30
2025/10/11 19:39:51 [notice] 1#1: worker process 30 exited with code 0
2025/10/11 19:39:51 [notice] 1#1: signal 29 (SIGIO) received
2025/10/11 19:39:51 [notice] 1#1: signal 17 (SIGCHLD) received from 29
2025/10/11 19:39:51 [notice] 1#1: worker process 29 exited with code 0
2025/10/11 19:39:51 [notice] 1#1: signal 17 (SIGCHLD) received from 43
2025/10/11 19:39:51 [notice] 1#1: worker process 43 exited with code 0
2025/10/11 19:39:51 [notice] 1#1: exit
2025/10/11 20:05:44 [notice] 1#1: using the "epoll" event method
2025/10/11 20:05:44 [notice] 1#1: nginx/1.28.0
2025/10/11 20:05:44 [notice] 1#1: built by gcc 14.2.0 (Alpine 14.2.0) 
2025/10/11 20:05:44 [notice] 1#1: OS: Linux 6.14.0-33-generic
2025/10/11 20:05:44 [notice] 1#1: getrlimit(RLIMIT_NOFILE): 1048576:1048576
2025/10/11 20:05:44 [notice] 1#1: start worker processes
2025/10/11 20:05:44 [notice] 1#1: start worker process 29
2025/10/11 20:05:44 [notice] 1#1: start worker process 30
2025/10/11 20:05:44 [notice] 1#1: start worker process 31
2025/10/11 20:05:44 [notice] 1#1: start worker process 32
2025/10/11 20:05:44 [notice] 1#1: start worker process 33
2025/10/11 20:05:44 [notice] 1#1: start worker process 34
2025/10/11 20:05:44 [notice] 1#1: start worker process 35
2025/10/11 20:05:44 [notice] 1#1: start worker process 36
2025/10/11 20:05:44 [notice] 1#1: start worker process 37
2025/10/11 20:05:44 [notice] 1#1: start worker process 38
2025/10/11 20:05:44 [notice] 1#1: start worker process 39
2025/10/11 20:05:44 [notice] 1#1: start worker process 40
2025/10/11 20:05:44 [notice] 1#1: start worker process 41
2025/10/11 20:05:44 [notice] 1#1: start worker process 42
2025/10/11 20:05:44 [notice] 1#1: start worker process 43
2025/10/11 20:05:44 [notice] 1#1: start worker process 44
2025/10/11 20:33:44 [notice] 1#1: signal 3 (SIGQUIT) received, shutting down
2025/10/11 20:33:44 [notice] 29#29: gracefully shutting down
2025/10/11 20:33:44 [notice] 30#30: gracefully shutting down
2025/10/11 20:33:44 [notice] 31#31: gracefully shutting down
2025/10/11 20:33:44 [notice] 29#29: exiting
2025/10/11 20:33:44 [notice] 35#35: gracefully shutting down
2025/10/11 20:33:44 [notice] 30#30: exiting
2025/10/11 20:33:44 [notice] 31#31: exiting
2025/10/11 20:33:44 [notice] 39#39: gracefully shutting down
2025/10/11 20:33:44 [notice] 33#33: gracefully shutting down
2025/10/11 20:33:44 [notice] 29#29: exit
2025/10/11 20:33:44 [notice] 35#35: exiting
2025/10/11 20:33:44 [notice] 38#38: gracefully shutting down
2025/10/11 20:33:44 [notice] 39#39: exiting
2025/10/11 20:33:44 [notice] 33#33: exiting
2025/10/11 20:33:44 [notice] 38#38: exiting
2025/10/11 20:33:44 [notice] 30#30: exit
2025/10/11 20:33:44 [notice] 43#43: gracefully shutting down
2025/10/11 20:33:44 [notice] 39#39: exit
2025/10/11 20:33:44 [notice] 43#43: exiting
2025/10/11 20:33:44 [notice] 35#35: exit
2025/10/11 20:33:44 [notice] 33#33: exit
2025/10/11 20:33:44 [notice] 38#38: exit
2025/10/11 20:33:44 [notice] 31#31: exit
2025/10/11 20:33:44 [notice] 43#43: exit
2025/10/11 20:33:44 [notice] 32#32: gracefully shutting down
2025/10/11 20:33:44 [notice] 32#32: exiting
2025/10/11 20:33:44 [notice] 32#32: exit
2025/10/11 20:33:44 [notice] 36#36: gracefully shutting down
2025/10/11 20:33:44 [notice] 40#40: gracefully shutting down
2025/10/11 20:33:44 [notice] 34#34: gracefully shutting down
2025/10/11 20:33:44 [notice] 37#37: gracefully shutting down
2025/10/11 20:33:44 [notice] 36#36: exiting
2025/10/11 20:33:44 [notice] 41#41: gracefully shutting down
2025/10/11 20:33:44 [notice] 40#40: exiting
2025/10/11 20:33:44 [notice] 42#42: gracefully shutting down
2025/10/11 20:33:44 [notice] 36#36: exit
2025/10/11 20:33:44 [notice] 40#40: exit
2025/10/11 20:33:44 [notice] 44#44: gracefully shutting down
2025/10/11 20:33:44 [notice] 44#44: exiting
2025/10/11 20:33:44 [notice] 44#44: exit
2025/10/11 20:33:44 [notice] 34#34: exiting
2025/10/11 20:33:44 [notice] 34#34: exit
2025/10/11 20:33:44 [notice] 37#37: exiting
2025/10/11 20:33:44 [notice] 41#41: exiting
2025/10/11 20:33:44 [notice] 41#41: exit
2025/10/11 20:33:44 [notice] 37#37: exit
2025/10/11 20:33:44 [notice] 42#42: exiting
2025/10/11 20:33:44 [notice] 42#42: exit
2025/10/11 20:33:44 [notice] 1#1: signal 17 (SIGCHLD) received from 39
2025/10/11 20:33:44 [notice] 1#1: worker process 39 exited with code 0
2025/10/11 20:33:44 [notice] 1#1: signal 29 (SIGIO) received
2025/10/11 20:33:44 [notice] 1#1: signal 17 (SIGCHLD) received from 32
2025/10/11 20:33:44 [notice] 1#1: worker process 32 exited with code 0
2025/10/11 20:33:44 [notice] 1#1: signal 29 (SIGIO) received
2025/10/11 20:33:44 [notice] 1#1: signal 17 (SIGCHLD) received from 35
2025/10/11 20:33:44 [notice] 1#1: worker process 35 exited with code 0
2025/10/11 20:33:44 [notice] 1#1: worker process 40 exited with code 0
2025/10/11 20:33:44 [notice] 1#1: signal 29 (SIGIO) received
2025/10/11 20:33:44 [notice] 1#1: signal 17 (SIGCHLD) received from 40
2025/10/11 20:33:44 [notice] 1#1: worker process 30 exited with code 0
2025/10/11 20:33:44 [notice] 1#1: signal 29 (SIGIO) received
2025/10/11 20:33:44 [notice] 1#1: signal 17 (SIGCHLD) received from 33
2025/10/11 20:33:44 [notice] 1#1: worker process 33 exited with code 0
2025/10/11 20:33:44 [notice] 1#1: signal 29 (SIGIO) received
2025/10/11 20:33:44 [notice] 1#1: signal 17 (SIGCHLD) received from 31
2025/10/11 20:33:44 [notice] 1#1: worker process 31 exited with code 0
2025/10/11 20:33:44 [notice] 1#1: signal 29 (SIGIO) received
2025/10/11 20:33:44 [notice] 1#1: signal 17 (SIGCHLD) received from 29
2025/10/11 20:33:44 [notice] 1#1: worker process 29 exited with code 0
2025/10/11 20:33:44 [notice] 1#1: signal 29 (SIGIO) received
2025/10/11 20:33:44 [notice] 1#1: signal 17 (SIGCHLD) received from 38
2025/10/11 20:33:44 [notice] 1#1: worker process 38 exited with code 0
2025/10/11 20:33:44 [notice] 1#1: signal 29 (SIGIO) received
2025/10/11 20:33:44 [notice] 1#1: signal 17 (SIGCHLD) received from 36
2025/10/11 20:33:44 [notice] 1#1: worker process 36 exited with code 0
2025/10/11 20:33:44 [notice] 1#1: signal 29 (SIGIO) received
2025/10/11 20:33:44 [notice] 1#1: signal 17 (SIGCHLD) received from 43
2025/10/11 20:33:44 [notice] 1#1: worker process 43 exited with code 0
2025/10/11 20:33:44 [notice] 1#1: signal 29 (SIGIO) received
2025/10/11 20:33:44 [notice] 1#1: signal 17 (SIGCHLD) received from 37
2025/10/11 20:33:44 [notice] 1#1: worker process 37 exited with code 0
2025/10/11 20:33:44 [notice] 1#1: signal 29 (SIGIO) received
2025/10/11 20:33:44 [notice] 1#1: signal 17 (SIGCHLD) received from 34
2025/10/11 20:33:44 [notice] 1#1: worker process 34 exited with code 0
2025/10/11 20:33:44 [notice] 1#1: signal 29 (SIGIO) received
2025/10/11 20:33:44 [notice] 1#1: signal 17 (SIGCHLD) received from 44
2025/10/11 20:33:44 [notice] 1#1: worker process 44 exited with code 0
2025/10/11 20:33:44 [notice] 1#1: signal 29 (SIGIO) received
2025/10/11 20:33:44 [notice] 1#1: signal 17 (SIGCHLD) received from 41
2025/10/11 20:33:44 [notice] 1#1: worker process 41 exited with code 0
2025/10/11 20:33:44 [notice] 1#1: signal 29 (SIGIO) received
2025/10/11 20:33:44 [notice] 1#1: signal 17 (SIGCHLD) received from 42
2025/10/11 20:33:44 [notice] 1#1: worker process 42 exited with code 0
2025/10/11 20:33:44 [notice] 1#1: exit
2025/10/12 00:48:38 [notice] 1#1: using the "epoll" event method
2025/10/12 00:48:38 [notice] 1#1: nginx/1.28.0
2025/10/12 00:48:38 [notice] 1#1: built by gcc 14.2.0 (Alpine 14.2.0) 
2025/10/12 00:48:38 [notice] 1#1: OS: Linux 6.14.0-33-generic
2025/10/12 00:48:38 [notice] 1#1: getrlimit(RLIMIT_NOFILE): 1048576:1048576
2025/10/12 00:48:38 [notice] 1#1: start worker processes
2025/10/12 00:48:38 [notice] 1#1: start worker process 29
2025/10/12 00:48:38 [notice] 1#1: start worker process 30
2025/10/12 00:48:38 [notice] 1#1: start worker process 31
2025/10/12 00:48:38 [notice] 1#1: start worker process 32
2025/10/12 00:48:38 [notice] 1#1: start worker process 33
2025/10/12 00:48:38 [notice] 1#1: start worker process 34
2025/10/12 00:48:38 [notice] 1#1: start worker process 35
2025/10/12 00:48:38 [notice] 1#1: start worker process 36
2025/10/12 00:48:38 [notice] 1#1: start worker process 37
2025/10/12 00:48:38 [notice] 1#1: start worker process 38
2025/10/12 00:48:38 [notice] 1#1: start worker process 39
2025/10/12 00:48:38 [notice] 1#1: start worker process 40
2025/10/12 00:48:38 [notice] 1#1: start worker process 41
2025/10/12 00:48:38 [notice] 1#1: start worker process 42
2025/10/12 00:48:38 [notice] 1#1: start worker process 43
2025/10/12 00:48:38 [notice] 1#1: start worker process 44
2025/10/12 02:15:47 [notice] 1#1: signal 3 (SIGQUIT) received, shutting down
2025/10/12 02:15:47 [notice] 29#29: gracefully shutting down
2025/10/12 02:15:47 [notice] 30#30: gracefully shutting down
2025/10/12 02:15:47 [notice] 29#29: exiting
2025/10/12 02:15:47 [notice] 30#30: exiting
2025/10/12 02:15:47 [notice] 39#39: gracefully shutting down
2025/10/12 02:15:47 [notice] 36#36: gracefully shutting down
2025/10/12 02:15:47 [notice] 39#39: exiting
2025/10/12 02:15:47 [notice] 31#31: gracefully shutting down
2025/10/12 02:15:47 [notice] 36#36: exiting
2025/10/12 02:15:47 [notice] 43#43: gracefully shutting down
2025/10/12 02:15:47 [notice] 29#29: exit
2025/10/12 02:15:47 [notice] 30#30: exit
2025/10/12 02:15:47 [notice] 31#31: exiting
2025/10/12 02:15:47 [notice] 33#33: gracefully shutting down
2025/10/12 02:15:47 [notice] 43#43: exiting
2025/10/12 02:15:47 [notice] 33#33: exiting
2025/10/12 02:15:47 [notice] 31#31: exit
2025/10/12 02:15:47 [notice] 33#33: exit
2025/10/12 02:15:47 [notice] 43#43: exit
2025/10/12 02:15:47 [notice] 41#41: gracefully shutting down
2025/10/12 02:15:47 [notice] 41#41: exiting
2025/10/12 02:15:47 [notice] 40#40: gracefully shutting down
2025/10/12 02:15:47 [notice] 40#40: exiting
2025/10/12 02:15:47 [notice] 41#41: exit
2025/10/12 02:15:47 [notice] 40#40: exit
2025/10/12 02:15:47 [notice] 39#39: exit
2025/10/12 02:15:47 [notice] 32#32: gracefully shutting down
2025/10/12 02:15:47 [notice] 32#32: exiting
2025/10/12 02:15:47 [notice] 37#37: gracefully shutting down
2025/10/12 02:15:47 [notice] 37#37: exiting
2025/10/12 02:15:47 [notice] 34#34: gracefully shutting down
2025/10/12 02:15:47 [notice] 32#32: exit
2025/10/12 02:15:47 [notice] 34#34: exiting
2025/10/12 02:15:47 [notice] 37#37: exit
2025/10/12 02:15:47 [notice] 34#34: exit
2025/10/12 02:15:47 [notice] 42#42: gracefully shutting down
2025/10/12 02:15:47 [notice] 42#42: exiting
2025/10/12 02:15:47 [notice] 42#42: exit
2025/10/12 02:15:47 [notice] 35#35: gracefully shutting down
2025/10/12 02:15:47 [notice] 35#35: exiting
2025/10/12 02:15:47 [notice] 38#38: gracefully shutting down
2025/10/12 02:15:47 [notice] 44#44: gracefully shutting down
2025/10/12 02:15:47 [notice] 38#38: exiting
2025/10/12 02:15:47 [notice] 35#35: exit
2025/10/12 02:15:47 [notice] 44#44: exiting
2025/10/12 02:15:47 [notice] 38#38: exit
2025/10/12 02:15:47 [notice] 44#44: exit
2025/10/12 02:15:47 [notice] 36#36: exit
2025/10/12 02:15:47 [notice] 1#1: signal 17 (SIGCHLD) received from 40
2025/10/12 02:15:47 [notice] 1#1: worker process 40 exited with code 0
2025/10/12 02:15:47 [notice] 1#1: signal 29 (SIGIO) received
2025/10/12 02:15:47 [notice] 1#1: signal 17 (SIGCHLD) received from 31
2025/10/12 02:15:47 [notice] 1#1: worker process 31 exited with code 0
2025/10/12 02:15:47 [notice] 1#1: worker process 41 exited with code 0
2025/10/12 02:15:47 [notice] 1#1: signal 29 (SIGIO) received
2025/10/12 02:15:47 [notice] 1#1: signal 17 (SIGCHLD) received from 41
2025/10/12 02:15:47 [notice] 1#1: signal 17 (SIGCHLD) received from 30
2025/10/12 02:15:47 [notice] 1#1: worker process 30 exited with code 0
2025/10/12 02:15:47 [notice] 1#1: signal 29 (SIGIO) received
2025/10/12 02:15:47 [notice] 1#1: signal 17 (SIGCHLD) received from 32
2025/10/12 02:15:47 [notice] 1#1: worker process 32 exited with code 0
2025/10/12 02:15:47 [notice] 1#1: worker process 33 exited with code 0
2025/10/12 02:15:47 [notice] 1#1: worker process 35 exited with code 0
2025/10/12 02:15:47 [notice] 1#1: worker process 43 exited with code 0
2025/10/12 02:15:47 [notice] 1#1: signal 29 (SIGIO) received
2025/10/12 02:15:47 [notice] 1#1: signal 17 (SIGCHLD) received from 43
2025/10/12 02:15:47 [notice] 1#1: signal 17 (SIGCHLD) received from 34
2025/10/12 02:15:47 [notice] 1#1: worker process 34 exited with code 0
2025/10/12 02:15:47 [notice] 1#1: worker process 38 exited with code 0
2025/10/12 02:15:47 [notice] 1#1: signal 29 (SIGIO) received
2025/10/12 02:15:47 [notice] 1#1: signal 17 (SIGCHLD) received from 38
2025/10/12 02:15:47 [notice] 1#1: worker process 29 exited with code 0
2025/10/12 02:15:47 [notice] 1#1: worker process 44 exited with code 0
2025/10/12 02:15:47 [notice] 1#1: signal 29 (SIGIO) received
2025/10/12 02:15:47 [notice] 1#1: signal 17 (SIGCHLD) received from 42
2025/10/12 02:15:47 [notice] 1#1: worker process 42 exited with code 0
2025/10/12 02:15:47 [notice] 1#1: worker process 36 exited with code 0
2025/10/12 02:15:47 [notice] 1#1: worker process 39 exited with code 0
2025/10/12 02:15:47 [notice] 1#1: signal 29 (SIGIO) received
2025/10/12 02:15:47 [notice] 1#1: signal 17 (SIGCHLD) received from 39
2025/10/12 02:15:47 [notice] 1#1: signal 17 (SIGCHLD) received from 37
2025/10/12 02:15:47 [notice] 1#1: worker process 37 exited with code 0
2025/10/12 02:15:47 [notice] 1#1: exit
2025/10/12 02:19:01 [notice] 1#1: using the "epoll" event method
2025/10/12 02:19:01 [notice] 1#1: nginx/1.28.0
2025/10/12 02:19:01 [notice] 1#1: built by gcc 14.2.0 (Alpine 14.2.0) 
2025/10/12 02:19:01 [notice] 1#1: OS: Linux 6.14.0-33-generic
2025/10/12 02:19:01 [notice] 1#1: getrlimit(RLIMIT_NOFILE): 1048576:1048576
2025/10/12 02:19:01 [notice] 1#1: start worker processes
2025/10/12 02:19:01 [notice] 1#1: start worker process 29
2025/10/12 02:19:01 [notice] 1#1: start worker process 30
2025/10/12 02:19:01 [notice] 1#1: start worker process 31
2025/10/12 02:19:01 [notice] 1#1: start worker process 32
2025/10/12 02:19:01 [notice] 1#1: start worker process 33
2025/10/12 02:19:01 [notice] 1#1: start worker process 34
2025/10/12 02:19:01 [notice] 1#1: start worker process 35
2025/10/12 02:19:01 [notice] 1#1: start worker process 36
2025/10/12 02:19:01 [notice] 1#1: start worker process 37
2025/10/12 02:19:01 [notice] 1#1: start worker process 38
2025/10/12 02:19:01 [notice] 1#1: start worker process 39
2025/10/12 02:19:01 [notice] 1#1: start worker process 40
2025/10/12 02:19:01 [notice] 1#1: start worker process 41
2025/10/12 02:19:01 [notice] 1#1: start worker process 42
2025/10/12 02:19:01 [notice] 1#1: start worker process 43
2025/10/12 02:19:01 [notice] 1#1: start worker process 44
2025/10/12 02:19:15 [notice] 1#1: signal 3 (SIGQUIT) received, shutting down
2025/10/12 02:19:15 [notice] 30#30: gracefully shutting down
2025/10/12 02:19:15 [notice] 29#29: gracefully shutting down
2025/10/12 02:19:15 [notice] 31#31: gracefully shutting down
2025/10/12 02:19:15 [notice] 32#32: gracefully shutting down
2025/10/12 02:19:15 [notice] 30#30: exiting
2025/10/12 02:19:15 [notice] 35#35: gracefully shutting down
2025/10/12 02:19:15 [notice] 34#34: gracefully shutting down
2025/10/12 02:19:15 [notice] 29#29: exiting
2025/10/12 02:19:15 [notice] 31#31: exiting
2025/10/12 02:19:15 [notice] 32#32: exiting
2025/10/12 02:19:15 [notice] 35#35: exiting
2025/10/12 02:19:15 [notice] 34#34: exiting
2025/10/12 02:19:15 [notice] 33#33: gracefully shutting down
2025/10/12 02:19:15 [notice] 33#33: exiting
2025/10/12 02:19:15 [notice] 43#43: gracefully shutting down
2025/10/12 02:19:15 [notice] 43#43: exiting
2025/10/12 02:19:15 [notice] 32#32: exit
2025/10/12 02:19:15 [notice] 30#30: exit
2025/10/12 02:19:15 [notice] 35#35: exit
2025/10/12 02:19:15 [notice] 34#34: exit
2025/10/12 02:19:15 [notice] 29#29: exit
2025/10/12 02:19:15 [notice] 33#33: exit
2025/10/12 02:19:15 [notice] 43#43: exit
2025/10/12 02:19:15 [notice] 42#42: gracefully shutting down
2025/10/12 02:19:15 [notice] 42#42: exiting
2025/10/12 02:19:15 [notice] 36#36: gracefully shutting down
2025/10/12 02:19:15 [notice] 36#36: exiting
2025/10/12 02:19:15 [notice] 42#42: exit
2025/10/12 02:19:15 [notice] 37#37: gracefully shutting down
2025/10/12 02:19:15 [notice] 41#41: gracefully shutting down
2025/10/12 02:19:15 [notice] 44#44: gracefully shutting down
2025/10/12 02:19:15 [notice] 37#37: exiting
2025/10/12 02:19:15 [notice] 41#41: exiting
2025/10/12 02:19:15 [notice] 44#44: exiting
2025/10/12 02:19:15 [notice] 40#40: gracefully shutting down
2025/10/12 02:19:15 [notice] 40#40: exiting
2025/10/12 02:19:15 [notice] 37#37: exit
2025/10/12 02:19:15 [notice] 41#41: exit
2025/10/12 02:19:15 [notice] 44#44: exit
2025/10/12 02:19:15 [notice] 40#40: exit
2025/10/12 02:19:15 [notice] 36#36: exit
2025/10/12 02:19:15 [notice] 38#38: gracefully shutting down
2025/10/12 02:19:15 [notice] 31#31: exit
2025/10/12 02:19:15 [notice] 38#38: exiting
2025/10/12 02:19:15 [notice] 39#39: gracefully shutting down
2025/10/12 02:19:15 [notice] 39#39: exiting
2025/10/12 02:19:15 [notice] 38#38: exit
2025/10/12 02:19:15 [notice] 39#39: exit
2025/10/12 02:19:15 [notice] 1#1: signal 17 (SIGCHLD) received from 43
2025/10/12 02:19:15 [notice] 1#1: worker process 43 exited with code 0
2025/10/12 02:19:15 [notice] 1#1: worker process 41 exited with code 0
2025/10/12 02:19:15 [notice] 1#1: signal 29 (SIGIO) received
2025/10/12 02:19:15 [notice] 1#1: signal 17 (SIGCHLD) received from 41
2025/10/12 02:19:15 [notice] 1#1: signal 17 (SIGCHLD) received from 39
2025/10/12 02:19:15 [notice] 1#1: worker process 39 exited with code 0
2025/10/12 02:19:15 [notice] 1#1: signal 29 (SIGIO) received
2025/10/12 02:19:15 [notice] 1#1: signal 17 (SIGCHLD) received from 32
2025/10/12 02:19:15 [notice] 1#1: worker process 32 exited with code 0
2025/10/12 02:19:15 [notice] 1#1: signal 29 (SIGIO) received
2025/10/12 02:19:15 [notice] 1#1: signal 17 (SIGCHLD) received from 33
2025/10/12 02:19:15 [notice] 1#1: worker process 33 exited with code 0
2025/10/12 02:19:15 [notice] 1#1: worker process 38 exited with code 0
2025/10/12 02:19:15 [notice] 1#1: signal 29 (SIGIO) received
2025/10/12 02:19:15 [notice] 1#1: signal 17 (SIGCHLD) received from 38
2025/10/12 02:19:15 [notice] 1#1: signal 17 (SIGCHLD) received from 30
2025/10/12 02:19:15 [notice] 1#1: worker process 30 exited with code 0
2025/10/12 02:19:15 [notice] 1#1: signal 29 (SIGIO) received
2025/10/12 02:19:15 [notice] 1#1: signal 17 (SIGCHLD) received from 42
2025/10/12 02:19:15 [notice] 1#1: worker process 42 exited with code 0
2025/10/12 02:19:15 [notice] 1#1: signal 29 (SIGIO) received
2025/10/12 02:19:15 [notice] 1#1: signal 17 (SIGCHLD) received from 35
2025/10/12 02:19:15 [notice] 1#1: worker process 35 exited with code 0
2025/10/12 02:19:15 [notice] 1#1: signal 29 (SIGIO) received
2025/10/12 02:19:15 [notice] 1#1: signal 17 (SIGCHLD) received from 34
2025/10/12 02:19:15 [notice] 1#1: worker process 34 exited with code 0
2025/10/12 02:19:15 [notice] 1#1: signal 29 (SIGIO) received
2025/10/12 02:19:15 [notice] 1#1: signal 17 (SIGCHLD) received from 40
2025/10/12 02:19:15 [notice] 1#1: worker process 31 exited with code 0
2025/10/12 02:19:15 [notice] 1#1: worker process 40 exited with code 0
2025/10/12 02:19:15 [notice] 1#1: signal 29 (SIGIO) received
2025/10/12 02:19:15 [notice] 1#1: signal 17 (SIGCHLD) received from 36
2025/10/12 02:19:15 [notice] 1#1: worker process 36 exited with code 0
2025/10/12 02:19:15 [notice] 1#1: signal 29 (SIGIO) received
2025/10/12 02:19:15 [notice] 1#1: signal 17 (SIGCHLD) received from 37
2025/10/12 02:19:15 [notice] 1#1: worker process 37 exited with code 0
2025/10/12 02:19:15 [notice] 1#1: signal 29 (SIGIO) received
2025/10/12 02:19:15 [notice] 1#1: signal 17 (SIGCHLD) received from 44
2025/10/12 02:19:15 [notice] 1#1: worker process 44 exited with code 0
2025/10/12 02:19:15 [notice] 1#1: signal 17 (SIGCHLD) received from 29
2025/10/12 02:19:15 [notice] 1#1: worker process 29 exited with code 0
2025/10/12 02:19:15 [notice] 1#1: exit
2025/10/12 02:42:09 [notice] 1#1: using the "epoll" event method
2025/10/12 02:42:09 [notice] 1#1: nginx/1.28.0
2025/10/12 02:42:09 [notice] 1#1: built by gcc 14.2.0 (Alpine 14.2.0) 
2025/10/12 02:42:09 [notice] 1#1: OS: Linux 6.14.0-33-generic
2025/10/12 02:42:09 [notice] 1#1: getrlimit(RLIMIT_NOFILE): 1048576:1048576
2025/10/12 02:42:09 [notice] 1#1: start worker processes
2025/10/12 02:42:09 [notice] 1#1: start worker process 29
2025/10/12 02:42:09 [notice] 1#1: start worker process 30
2025/10/12 02:42:09 [notice] 1#1: start worker process 31
2025/10/12 02:42:09 [notice] 1#1: start worker process 32
2025/10/12 02:42:09 [notice] 1#1: start worker process 33
2025/10/12 02:42:09 [notice] 1#1: start worker process 34
2025/10/12 02:42:09 [notice] 1#1: start worker process 35
2025/10/12 02:42:09 [notice] 1#1: start worker process 36
2025/10/12 02:42:09 [notice] 1#1: start worker process 37
2025/10/12 02:42:09 [notice] 1#1: start worker process 38
2025/10/12 02:42:09 [notice] 1#1: start worker process 39
2025/10/12 02:42:09 [notice] 1#1: start worker process 40
2025/10/12 02:42:09 [notice] 1#1: start worker process 41
2025/10/12 02:42:09 [notice] 1#1: start worker process 42
2025/10/12 02:42:09 [notice] 1#1: start worker process 43
2025/10/12 02:42:09 [notice] 1#1: start worker process 44
2025/10/12 02:42:34 [notice] 1#1: signal 3 (SIGQUIT) received, shutting down
2025/10/12 02:42:34 [notice] 29#29: gracefully shutting down
2025/10/12 02:42:34 [notice] 33#33: gracefully shutting down
2025/10/12 02:42:34 [notice] 29#29: exiting
2025/10/12 02:42:34 [notice] 30#30: gracefully shutting down
2025/10/12 02:42:34 [notice] 33#33: exiting
2025/10/12 02:42:34 [notice] 30#30: exiting
2025/10/12 02:42:34 [notice] 31#31: gracefully shutting down
2025/10/12 02:42:34 [notice] 31#31: exiting
2025/10/12 02:42:34 [notice] 29#29: exit
2025/10/12 02:42:34 [notice] 33#33: exit
2025/10/12 02:42:34 [notice] 30#30: exit
2025/10/12 02:42:34 [notice] 31#31: exit
2025/10/12 02:42:34 [notice] 32#32: gracefully shutting down
2025/10/12 02:42:34 [notice] 34#34: gracefully shutting down
2025/10/12 02:42:34 [notice] 32#32: exiting
2025/10/12 02:42:34 [notice] 34#34: exiting
2025/10/12 02:42:34 [notice] 35#35: gracefully shutting down
2025/10/12 02:42:34 [notice] 35#35: exiting
2025/10/12 02:42:34 [notice] 32#32: exit
2025/10/12 02:42:34 [notice] 35#35: exit
2025/10/12 02:42:34 [notice] 36#36: gracefully shutting down
2025/10/12 02:42:34 [notice] 36#36: exiting
2025/10/12 02:42:34 [notice] 36#36: exit
2025/10/12 02:42:34 [notice] 34#34: exit
2025/10/12 02:42:34 [notice] 37#37: gracefully shutting down
2025/10/12 02:42:34 [notice] 37#37: exiting
2025/10/12 02:42:34 [notice] 38#38: gracefully shutting down
2025/10/12 02:42:34 [notice] 38#38: exiting
2025/10/12 02:42:34 [notice] 37#37: exit
2025/10/12 02:42:34 [notice] 38#38: exit
2025/10/12 02:42:34 [notice] 39#39: gracefully shutting down
2025/10/12 02:42:34 [notice] 39#39: exiting
2025/10/12 02:42:34 [notice] 39#39: exit
2025/10/12 02:42:34 [notice] 40#40: gracefully shutting down
2025/10/12 02:42:34 [notice] 40#40: exiting
2025/10/12 02:42:34 [notice] 41#41: gracefully shutting down
2025/10/12 02:42:34 [notice] 40#40: exit
2025/10/12 02:42:34 [notice] 41#41: exiting
2025/10/12 02:42:34 [notice] 41#41: exit
2025/10/12 02:42:34 [notice] 42#42: gracefully shutting down
2025/10/12 02:42:34 [notice] 42#42: exiting
2025/10/12 02:42:34 [notice] 43#43: gracefully shutting down
2025/10/12 02:42:34 [notice] 43#43: exiting
2025/10/12 02:42:34 [notice] 42#42: exit
2025/10/12 02:42:34 [notice] 43#43: exit
2025/10/12 02:42:34 [notice] 44#44: gracefully shutting down
2025/10/12 02:42:34 [notice] 44#44: exiting
2025/10/12 02:42:34 [notice] 44#44: exit
2025/10/12 02:42:34 [notice] 1#1: signal 17 (SIGCHLD) received from 30
2025/10/12 02:42:34 [notice] 1#1: worker process 29 exited with code 0
2025/10/12 02:42:34 [notice] 1#1: worker process 30 exited with code 0
2025/10/12 02:42:34 [notice] 1#1: signal 29 (SIGIO) received
2025/10/12 02:42:34 [notice] 1#1: signal 17 (SIGCHLD) received from 38
2025/10/12 02:42:34 [notice] 1#1: worker process 32 exited with code 0
2025/10/12 02:42:34 [notice] 1#1: worker process 36 exited with code 0
2025/10/12 02:42:34 [notice] 1#1: worker process 38 exited with code 0
2025/10/12 02:42:34 [notice] 1#1: worker process 39 exited with code 0
2025/10/12 02:42:34 [notice] 1#1: signal 29 (SIGIO) received
2025/10/12 02:42:34 [notice] 1#1: signal 17 (SIGCHLD) received from 39
2025/10/12 02:42:34 [notice] 1#1: signal 17 (SIGCHLD) received from 41
2025/10/12 02:42:34 [notice] 1#1: worker process 41 exited with code 0
2025/10/12 02:42:34 [notice] 1#1: signal 29 (SIGIO) received
2025/10/12 02:42:34 [notice] 1#1: signal 17 (SIGCHLD) received from 34
2025/10/12 02:42:34 [notice] 1#1: worker process 34 exited with code 0
2025/10/12 02:42:34 [notice] 1#1: signal 29 (SIGIO) received
2025/10/12 02:42:34 [notice] 1#1: signal 17 (SIGCHLD) received from 35
2025/10/12 02:42:34 [notice] 1#1: worker process 35 exited with code 0
2025/10/12 02:42:34 [notice] 1#1: signal 29 (SIGIO) received
2025/10/12 02:42:34 [notice] 1#1: signal 17 (SIGCHLD) received from 31
2025/10/12 02:42:34 [notice] 1#1: worker process 31 exited with code 0
2025/10/12 02:42:34 [notice] 1#1: signal 29 (SIGIO) received
2025/10/12 02:42:34 [notice] 1#1: signal 17 (SIGCHLD) received from 33
2025/10/12 02:42:34 [notice] 1#1: worker process 33 exited with code 0
2025/10/12 02:42:34 [notice] 1#1: signal 29 (SIGIO) received
2025/10/12 02:42:34 [notice] 1#1: signal 17 (SIGCHLD) received from 43
2025/10/12 02:42:34 [notice] 1#1: worker process 43 exited with code 0
2025/10/12 02:42:34 [notice] 1#1: signal 29 (SIGIO) received
2025/10/12 02:42:34 [notice] 1#1: signal 17 (SIGCHLD) received from 42
2025/10/12 02:42:34 [notice] 1#1: worker process 42 exited with code 0
2025/10/12 02:42:34 [notice] 1#1: worker process 37 exited with code 0
2025/10/12 02:42:34 [notice] 1#1: signal 29 (SIGIO) received
2025/10/12 02:42:34 [notice] 1#1: signal 17 (SIGCHLD) received from 37
2025/10/12 02:42:34 [notice] 1#1: signal 17 (SIGCHLD) received from 44
2025/10/12 02:42:34 [notice] 1#1: worker process 44 exited with code 0
2025/10/12 02:42:34 [notice] 1#1: signal 29 (SIGIO) received
2025/10/12 02:42:34 [notice] 1#1: signal 17 (SIGCHLD) received from 40
2025/10/12 02:42:34 [notice] 1#1: worker process 40 exited with code 0
2025/10/12 02:42:34 [notice] 1#1: exit
2025/10/12 02:42:09 [notice] 1#1: using the "epoll" event method
2025/10/12 02:42:09 [notice] 1#1: nginx/1.28.0
2025/10/12 02:42:09 [notice] 1#1: built by gcc 14.2.0 (Alpine 14.2.0) 
2025/10/12 02:42:09 [notice] 1#1: OS: Linux 6.14.0-33-generic
2025/10/12 02:42:09 [notice] 1#1: getrlimit(RLIMIT_NOFILE): 1048576:1048576
2025/10/12 02:42:09 [notice] 1#1: start worker processes
2025/10/12 02:42:09 [notice] 1#1: start worker process 29
2025/10/12 02:42:09 [notice] 1#1: start worker process 30
2025/10/12 02:42:09 [notice] 1#1: start worker process 31
2025/10/12 02:42:09 [notice] 1#1: start worker process 32
2025/10/12 02:42:09 [notice] 1#1: start worker process 33
2025/10/12 02:42:09 [notice] 1#1: start worker process 34
2025/10/12 02:42:09 [notice] 1#1: start worker process 35
2025/10/12 02:42:09 [notice] 1#1: start worker process 36
2025/10/12 02:42:09 [notice] 1#1: start worker process 37
2025/10/12 02:42:09 [notice] 1#1: start worker process 38
2025/10/12 02:42:09 [notice] 1#1: start worker process 39
2025/10/12 02:42:09 [notice] 1#1: start worker process 40
2025/10/12 02:42:09 [notice] 1#1: start worker process 41
2025/10/12 02:42:09 [notice] 1#1: start worker process 42
2025/10/12 02:42:09 [notice] 1#1: start worker process 43
2025/10/12 02:42:09 [notice] 1#1: start worker process 44
2025/10/12 02:42:36 [notice] 1#1: signal 3 (SIGQUIT) received, shutting down
2025/10/12 02:42:36 [notice] 29#29: gracefully shutting down
2025/10/12 02:42:36 [notice] 30#30: gracefully shutting down
2025/10/12 02:42:36 [notice] 31#31: gracefully shutting down
2025/10/12 02:42:36 [notice] 32#32: gracefully shutting down
2025/10/12 02:42:36 [notice] 29#29: exiting
2025/10/12 02:42:36 [notice] 30#30: exiting
2025/10/12 02:42:36 [notice] 33#33: gracefully shutting down
2025/10/12 02:42:36 [notice] 31#31: exiting
2025/10/12 02:42:36 [notice] 32#32: exiting
2025/10/12 02:42:36 [notice] 34#34: gracefully shutting down
2025/10/12 02:42:36 [notice] 37#37: gracefully shutting down
2025/10/12 02:42:36 [notice] 33#33: exiting
2025/10/12 02:42:36 [notice] 35#35: gracefully shutting down
2025/10/12 02:42:36 [notice] 34#34: exiting
2025/10/12 02:42:36 [notice] 37#37: exiting
2025/10/12 02:42:36 [notice] 35#35: exiting
2025/10/12 02:42:36 [notice] 36#36: gracefully shutting down
2025/10/12 02:42:36 [notice] 36#36: exiting
2025/10/12 02:42:36 [notice] 38#38: gracefully shutting down
2025/10/12 02:42:36 [notice] 29#29: exit
2025/10/12 02:42:36 [notice] 38#38: exiting
2025/10/12 02:42:36 [notice] 31#31: exit
2025/10/12 02:42:36 [notice] 30#30: exit
2025/10/12 02:42:36 [notice] 33#33: exit
2025/10/12 02:42:36 [notice] 32#32: exit
2025/10/12 02:42:36 [notice] 37#37: exit
2025/10/12 02:42:36 [notice] 36#36: exit
2025/10/12 02:42:36 [notice] 35#35: exit
2025/10/12 02:42:36 [notice] 34#34: exit
2025/10/12 02:42:36 [notice] 38#38: exit
2025/10/12 02:42:36 [notice] 39#39: gracefully shutting down
2025/10/12 02:42:36 [notice] 40#40: gracefully shutting down
2025/10/12 02:42:36 [notice] 39#39: exiting
2025/10/12 02:42:36 [notice] 40#40: exiting
2025/10/12 02:42:36 [notice] 39#39: exit
2025/10/12 02:42:36 [notice] 40#40: exit
2025/10/12 02:42:36 [notice] 41#41: gracefully shutting down
2025/10/12 02:42:36 [notice] 41#41: exiting
2025/10/12 02:42:36 [notice] 42#42: gracefully shutting down
2025/10/12 02:42:36 [notice] 42#42: exiting
2025/10/12 02:42:36 [notice] 41#41: exit
2025/10/12 02:42:36 [notice] 43#43: gracefully shutting down
2025/10/12 02:42:36 [notice] 44#44: gracefully shutting down
2025/10/12 02:42:36 [notice] 43#43: exiting
2025/10/12 02:42:36 [notice] 44#44: exiting
2025/10/12 02:42:36 [notice] 44#44: exit
2025/10/12 02:42:36 [notice] 42#42: exit
2025/10/12 02:42:36 [notice] 43#43: exit
2025/10/12 02:42:36 [notice] 1#1: signal 17 (SIGCHLD) received from 44
2025/10/12 02:42:36 [notice] 1#1: worker process 44 exited with code 0
2025/10/12 02:42:36 [notice] 1#1: signal 29 (SIGIO) received
2025/10/12 02:42:36 [notice] 1#1: signal 17 (SIGCHLD) received from 41
2025/10/12 02:42:36 [notice] 1#1: worker process 32 exited with code 0
2025/10/12 02:42:36 [notice] 1#1: worker process 34 exited with code 0
2025/10/12 02:42:36 [notice] 1#1: worker process 37 exited with code 0
2025/10/12 02:42:36 [notice] 1#1: worker process 38 exited with code 0
2025/10/12 02:42:36 [notice] 1#1: worker process 39 exited with code 0
2025/10/12 02:42:36 [notice] 1#1: worker process 40 exited with code 0
2025/10/12 02:42:36 [notice] 1#1: worker process 41 exited with code 0
2025/10/12 02:42:36 [notice] 1#1: worker process 42 exited with code 0
2025/10/12 02:42:36 [notice] 1#1: worker process 43 exited with code 0
2025/10/12 02:42:36 [notice] 1#1: signal 29 (SIGIO) received
2025/10/12 02:42:36 [notice] 1#1: signal 17 (SIGCHLD) received from 40
2025/10/12 02:42:36 [notice] 1#1: worker process 30 exited with code 0
2025/10/12 02:42:36 [notice] 1#1: signal 29 (SIGIO) received
2025/10/12 02:42:36 [notice] 1#1: signal 17 (SIGCHLD) received from 31
2025/10/12 02:42:36 [notice] 1#1: worker process 31 exited with code 0
2025/10/12 02:42:36 [notice] 1#1: worker process 35 exited with code 0
2025/10/12 02:42:36 [notice] 1#1: worker process 36 exited with code 0
2025/10/12 02:42:36 [notice] 1#1: signal 29 (SIGIO) received
2025/10/12 02:42:36 [notice] 1#1: signal 17 (SIGCHLD) received from 35
2025/10/12 02:42:36 [notice] 1#1: signal 17 (SIGCHLD) received from 33
2025/10/12 02:42:36 [notice] 1#1: worker process 33 exited with code 0
2025/10/12 02:42:36 [notice] 1#1: signal 29 (SIGIO) received
2025/10/12 02:42:36 [notice] 1#1: signal 17 (SIGCHLD) received from 29
2025/10/12 02:42:36 [notice] 1#1: worker process 29 exited with code 0
2025/10/12 02:42:36 [notice] 1#1: exit
2025/10/12 02:42:09 [notice] 1#1: using the "epoll" event method
2025/10/12 02:42:09 [notice] 1#1: nginx/1.28.0
2025/10/12 02:42:09 [notice] 1#1: built by gcc 14.2.0 (Alpine 14.2.0) 
2025/10/12 02:42:09 [notice] 1#1: OS: Linux 6.14.0-33-generic
2025/10/12 02:42:09 [notice] 1#1: getrlimit(RLIMIT_NOFILE): 1048576:1048576
2025/10/12 02:42:09 [notice] 1#1: start worker processes
2025/10/12 02:42:09 [notice] 1#1: start worker process 29
2025/10/12 02:42:09 [notice] 1#1: start worker process 30
2025/10/12 02:42:09 [notice] 1#1: start worker process 31
2025/10/12 02:42:09 [notice] 1#1: start worker process 32
2025/10/12 02:42:09 [notice] 1#1: start worker process 33
2025/10/12 02:42:09 [notice] 1#1: start worker process 34
2025/10/12 02:42:09 [notice] 1#1: start worker process 35
2025/10/12 02:42:09 [notice] 1#1: start worker process 36
2025/10/12 02:42:09 [notice] 1#1: start worker process 37
2025/10/12 02:42:09 [notice] 1#1: start worker process 38
2025/10/12 02:42:09 [notice] 1#1: start worker process 39
2025/10/12 02:42:09 [notice] 1#1: start worker process 40
2025/10/12 02:42:09 [notice] 1#1: start worker process 41
2025/10/12 02:42:09 [notice] 1#1: start worker process 42
2025/10/12 02:42:09 [notice] 1#1: start worker process 43
2025/10/12 02:42:09 [notice] 1#1: start worker process 44
2025/10/12 04:45:19 [notice] 1#1: signal 3 (SIGQUIT) received, shutting down
2025/10/12 04:45:19 [notice] 29#29: gracefully shutting down
2025/10/12 04:45:19 [notice] 30#30: gracefully shutting down
2025/10/12 04:45:19 [notice] 31#31: gracefully shutting down
2025/10/12 04:45:19 [notice] 33#33: gracefully shutting down
2025/10/12 04:45:19 [notice] 35#35: gracefully shutting down
2025/10/12 04:45:19 [notice] 29#29: exiting
2025/10/12 04:45:19 [notice] 30#30: exiting
2025/10/12 04:45:19 [notice] 36#36: gracefully shutting down
2025/10/12 04:45:19 [notice] 31#31: exiting
2025/10/12 04:45:19 [notice] 33#33: exiting
2025/10/12 04:45:19 [notice] 35#35: exiting
2025/10/12 04:45:19 [notice] 36#36: exiting
2025/10/12 04:45:19 [notice] 43#43: gracefully shutting down
2025/10/12 04:45:19 [notice] 32#32: gracefully shutting down
2025/10/12 04:45:19 [notice] 43#43: exiting
2025/10/12 04:45:19 [notice] 32#32: exiting
2025/10/12 04:45:19 [notice] 29#29: exit
2025/10/12 04:45:19 [notice] 35#35: exit
2025/10/12 04:45:19 [notice] 30#30: exit
2025/10/12 04:45:19 [notice] 31#31: exit
2025/10/12 04:45:19 [notice] 33#33: exit
2025/10/12 04:45:19 [notice] 36#36: exit
2025/10/12 04:45:19 [notice] 32#32: exit
2025/10/12 04:45:19 [notice] 43#43: exit
2025/10/12 04:45:19 [notice] 42#42: gracefully shutting down
2025/10/12 04:45:19 [notice] 42#42: exiting
2025/10/12 04:45:19 [notice] 42#42: exit
2025/10/12 04:45:19 [notice] 37#37: gracefully shutting down
2025/10/12 04:45:19 [notice] 37#37: exiting
2025/10/12 04:45:19 [notice] 41#41: gracefully shutting down
2025/10/12 04:45:19 [notice] 34#34: gracefully shutting down
2025/10/12 04:45:19 [notice] 41#41: exiting
2025/10/12 04:45:19 [notice] 34#34: exiting
2025/10/12 04:45:19 [notice] 37#37: exit
2025/10/12 04:45:19 [notice] 34#34: exit
2025/10/12 04:45:19 [notice] 41#41: exit
2025/10/12 04:45:19 [notice] 44#44: gracefully shutting down
2025/10/12 04:45:19 [notice] 44#44: exiting
2025/10/12 04:45:19 [notice] 44#44: exit
2025/10/12 04:45:19 [notice] 38#38: gracefully shutting down
2025/10/12 04:45:19 [notice] 38#38: exiting
2025/10/12 04:45:19 [notice] 38#38: exit
2025/10/12 04:45:19 [notice] 39#39: gracefully shutting down
2025/10/12 04:45:19 [notice] 39#39: exiting
2025/10/12 04:45:19 [notice] 39#39: exit
2025/10/12 04:45:19 [notice] 40#40: gracefully shutting down
2025/10/12 04:45:19 [notice] 40#40: exiting
2025/10/12 04:45:19 [notice] 40#40: exit
2025/10/12 04:45:19 [notice] 1#1: signal 17 (SIGCHLD) received from 31
2025/10/12 04:45:19 [notice] 1#1: worker process 31 exited with code 0
2025/10/12 04:45:19 [notice] 1#1: worker process 33 exited with code 0
2025/10/12 04:45:19 [notice] 1#1: signal 29 (SIGIO) received
2025/10/12 04:45:19 [notice] 1#1: signal 17 (SIGCHLD) received from 35
2025/10/12 04:45:19 [notice] 1#1: worker process 35 exited with code 0
2025/10/12 04:45:19 [notice] 1#1: signal 29 (SIGIO) received
2025/10/12 04:45:19 [notice] 1#1: signal 17 (SIGCHLD) received from 36
2025/10/12 04:45:19 [notice] 1#1: worker process 36 exited with code 0
2025/10/12 04:45:19 [notice] 1#1: signal 29 (SIGIO) received
2025/10/12 04:45:19 [notice] 1#1: signal 17 (SIGCHLD) received from 43
2025/10/12 04:45:19 [notice] 1#1: worker process 43 exited with code 0
2025/10/12 04:45:19 [notice] 1#1: signal 29 (SIGIO) received
2025/10/12 04:45:19 [notice] 1#1: signal 17 (SIGCHLD) received from 40
2025/10/12 04:45:19 [notice] 1#1: worker process 29 exited with code 0
2025/10/12 04:45:19 [notice] 1#1: worker process 37 exited with code 0
2025/10/12 04:45:19 [notice] 1#1: worker process 40 exited with code 0
2025/10/12 04:45:19 [notice] 1#1: signal 29 (SIGIO) received
2025/10/12 04:45:19 [notice] 1#1: signal 17 (SIGCHLD) received from 44
2025/10/12 04:45:19 [notice] 1#1: worker process 44 exited with code 0
2025/10/12 04:45:19 [notice] 1#1: worker process 41 exited with code 0
2025/10/12 04:45:19 [notice] 1#1: signal 29 (SIGIO) received
2025/10/12 04:45:19 [notice] 1#1: signal 17 (SIGCHLD) received from 41
2025/10/12 04:45:19 [notice] 1#1: worker process 39 exited with code 0
2025/10/12 04:45:19 [notice] 1#1: signal 29 (SIGIO) received
2025/10/12 04:45:19 [notice] 1#1: signal 17 (SIGCHLD) received from 32
2025/10/12 04:45:19 [notice] 1#1: worker process 32 exited with code 0
2025/10/12 04:45:19 [notice] 1#1: worker process 30 exited with code 0
2025/10/12 04:45:19 [notice] 1#1: worker process 42 exited with code 0
2025/10/12 04:45:19 [notice] 1#1: signal 29 (SIGIO) received
2025/10/12 04:45:19 [notice] 1#1: signal 17 (SIGCHLD) received from 42
2025/10/12 04:45:19 [notice] 1#1: signal 17 (SIGCHLD) received from 34
2025/10/12 04:45:19 [notice] 1#1: worker process 34 exited with code 0
2025/10/12 04:45:19 [notice] 1#1: signal 29 (SIGIO) received
2025/10/12 04:45:19 [notice] 1#1: signal 17 (SIGCHLD) received from 38
2025/10/12 04:45:19 [notice] 1#1: worker process 38 exited with code 0
2025/10/12 04:45:19 [notice] 1#1: exit
2025/10/12 12:47:53 [notice] 1#1: using the "epoll" event method
2025/10/12 12:47:53 [notice] 1#1: nginx/1.28.0
2025/10/12 12:47:53 [notice] 1#1: built by gcc 14.2.0 (Alpine 14.2.0) 
2025/10/12 12:47:53 [notice] 1#1: OS: Linux 6.14.0-33-generic
2025/10/12 12:47:53 [notice] 1#1: getrlimit(RLIMIT_NOFILE): 1048576:1048576
2025/10/12 12:47:53 [notice] 1#1: start worker processes
2025/10/12 12:47:53 [notice] 1#1: start worker process 29
2025/10/12 12:47:53 [notice] 1#1: start worker process 30
2025/10/12 12:47:53 [notice] 1#1: start worker process 31
2025/10/12 12:47:53 [notice] 1#1: start worker process 32
2025/10/12 12:47:53 [notice] 1#1: start worker process 33
2025/10/12 12:47:53 [notice] 1#1: start worker process 34
2025/10/12 12:47:53 [notice] 1#1: start worker process 35
2025/10/12 12:47:53 [notice] 1#1: start worker process 36
2025/10/12 12:47:53 [notice] 1#1: start worker process 37
2025/10/12 12:47:53 [notice] 1#1: start worker process 38
2025/10/12 12:47:53 [notice] 1#1: start worker process 39
2025/10/12 12:47:53 [notice] 1#1: start worker process 40
2025/10/12 12:47:53 [notice] 1#1: start worker process 41
2025/10/12 12:47:53 [notice] 1#1: start worker process 42
2025/10/12 12:47:53 [notice] 1#1: start worker process 43
2025/10/12 12:47:53 [notice] 1#1: start worker process 44
2025/10/12 12:51:46 [notice] 1#1: signal 3 (SIGQUIT) received, shutting down
2025/10/12 12:51:46 [notice] 29#29: gracefully shutting down
2025/10/12 12:51:46 [notice] 29#29: exiting
2025/10/12 12:51:46 [notice] 36#36: gracefully shutting down
2025/10/12 12:51:46 [notice] 30#30: gracefully shutting down
2025/10/12 12:51:46 [notice] 31#31: gracefully shutting down
2025/10/12 12:51:46 [notice] 39#39: gracefully shutting down
2025/10/12 12:51:46 [notice] 36#36: exiting
2025/10/12 12:51:46 [notice] 30#30: exiting
2025/10/12 12:51:46 [notice] 31#31: exiting
2025/10/12 12:51:46 [notice] 32#32: gracefully shutting down
2025/10/12 12:51:46 [notice] 39#39: exiting
2025/10/12 12:51:46 [notice] 32#32: exiting
2025/10/12 12:51:46 [notice] 29#29: exit
2025/10/12 12:51:46 [notice] 36#36: exit
2025/10/12 12:51:46 [notice] 31#31: exit
2025/10/12 12:51:46 [notice] 39#39: exit
2025/10/12 12:51:46 [notice] 32#32: exit
2025/10/12 12:51:46 [notice] 30#30: exit
2025/10/12 12:51:46 [notice] 33#33: gracefully shutting down
2025/10/12 12:51:46 [notice] 33#33: exiting
2025/10/12 12:51:46 [notice] 33#33: exit
2025/10/12 12:51:46 [notice] 34#34: gracefully shutting down
2025/10/12 12:51:46 [notice] 35#35: gracefully shutting down
2025/10/12 12:51:46 [notice] 34#34: exiting
2025/10/12 12:51:46 [notice] 35#35: exiting
2025/10/12 12:51:46 [notice] 37#37: gracefully shutting down
2025/10/12 12:51:46 [notice] 37#37: exiting
2025/10/12 12:51:46 [notice] 34#34: exit
2025/10/12 12:51:46 [notice] 37#37: exit
2025/10/12 12:51:46 [notice] 38#38: gracefully shutting down
2025/10/12 12:51:46 [notice] 38#38: exiting
2025/10/12 12:51:46 [notice] 38#38: exit
2025/10/12 12:51:46 [notice] 40#40: gracefully shutting down
2025/10/12 12:51:46 [notice] 40#40: exiting
2025/10/12 12:51:46 [notice] 40#40: exit
2025/10/12 12:51:46 [notice] 41#41: gracefully shutting down
2025/10/12 12:51:46 [notice] 41#41: exiting
2025/10/12 12:51:46 [notice] 41#41: exit
2025/10/12 12:51:46 [notice] 42#42: gracefully shutting down
2025/10/12 12:51:46 [notice] 42#42: exiting
2025/10/12 12:51:46 [notice] 43#43: gracefully shutting down
2025/10/12 12:51:46 [notice] 43#43: exiting
2025/10/12 12:51:46 [notice] 42#42: exit
2025/10/12 12:51:46 [notice] 43#43: exit
2025/10/12 12:51:46 [notice] 44#44: gracefully shutting down
2025/10/12 12:51:46 [notice] 44#44: exiting
2025/10/12 12:51:46 [notice] 44#44: exit
2025/10/12 12:51:46 [notice] 35#35: exit
2025/10/12 12:51:46 [notice] 1#1: signal 17 (SIGCHLD) received from 39
2025/10/12 12:51:46 [notice] 1#1: worker process 39 exited with code 0
2025/10/12 12:51:46 [notice] 1#1: signal 29 (SIGIO) received
2025/10/12 12:51:46 [notice] 1#1: signal 17 (SIGCHLD) received from 36
2025/10/12 12:51:46 [notice] 1#1: worker process 36 exited with code 0
2025/10/12 12:51:46 [notice] 1#1: signal 29 (SIGIO) received
2025/10/12 12:51:46 [notice] 1#1: signal 17 (SIGCHLD) received from 29
2025/10/12 12:51:46 [notice] 1#1: worker process 29 exited with code 0
2025/10/12 12:51:46 [notice] 1#1: signal 29 (SIGIO) received
2025/10/12 12:51:46 [notice] 1#1: signal 17 (SIGCHLD) received from 37
2025/10/12 12:51:46 [notice] 1#1: worker process 35 exited with code 0
2025/10/12 12:51:46 [notice] 1#1: worker process 37 exited with code 0
2025/10/12 12:51:46 [notice] 1#1: worker process 43 exited with code 0
2025/10/12 12:51:46 [notice] 1#1: signal 29 (SIGIO) received
2025/10/12 12:51:46 [notice] 1#1: signal 17 (SIGCHLD) received from 35
2025/10/12 12:51:46 [notice] 1#1: signal 17 (SIGCHLD) received from 31
2025/10/12 12:51:46 [notice] 1#1: worker process 31 exited with code 0
2025/10/12 12:51:46 [notice] 1#1: worker process 34 exited with code 0
2025/10/12 12:51:46 [notice] 1#1: worker process 41 exited with code 0
2025/10/12 12:51:46 [notice] 1#1: worker process 44 exited with code 0
2025/10/12 12:51:46 [notice] 1#1: signal 29 (SIGIO) received
2025/10/12 12:51:46 [notice] 1#1: signal 17 (SIGCHLD) received from 41
2025/10/12 12:51:46 [notice] 1#1: signal 17 (SIGCHLD) received from 32
2025/10/12 12:51:46 [notice] 1#1: worker process 32 exited with code 0
2025/10/12 12:51:46 [notice] 1#1: signal 29 (SIGIO) received
2025/10/12 12:51:46 [notice] 1#1: signal 17 (SIGCHLD) received from 42
2025/10/12 12:51:46 [notice] 1#1: worker process 40 exited with code 0
2025/10/12 12:51:46 [notice] 1#1: worker process 42 exited with code 0
2025/10/12 12:51:46 [notice] 1#1: worker process 38 exited with code 0
2025/10/12 12:51:46 [notice] 1#1: signal 29 (SIGIO) received
2025/10/12 12:51:46 [notice] 1#1: signal 17 (SIGCHLD) received from 40
2025/10/12 12:51:46 [notice] 1#1: worker process 30 exited with code 0
2025/10/12 12:51:46 [notice] 1#1: signal 29 (SIGIO) received
2025/10/12 12:51:46 [notice] 1#1: signal 17 (SIGCHLD) received from 33
2025/10/12 12:51:46 [notice] 1#1: worker process 33 exited with code 0
2025/10/12 12:51:46 [notice] 1#1: exit
2025/10/13 09:41:25 [notice] 1#1: using the "epoll" event method
2025/10/13 09:41:25 [notice] 1#1: nginx/1.28.0
2025/10/13 09:41:25 [notice] 1#1: built by gcc 14.2.0 (Alpine 14.2.0) 
2025/10/13 09:41:25 [notice] 1#1: OS: Linux 6.14.0-33-generic
2025/10/13 09:41:25 [notice] 1#1: getrlimit(RLIMIT_NOFILE): 1048576:1048576
2025/10/13 09:41:25 [notice] 1#1: start worker processes
2025/10/13 09:41:25 [notice] 1#1: start worker process 29
2025/10/13 09:41:25 [notice] 1#1: start worker process 30
2025/10/13 09:41:25 [notice] 1#1: start worker process 31
2025/10/13 09:41:25 [notice] 1#1: start worker process 32
2025/10/13 09:41:25 [notice] 1#1: start worker process 33
2025/10/13 09:41:25 [notice] 1#1: start worker process 34
2025/10/13 09:41:25 [notice] 1#1: start worker process 35
2025/10/13 09:41:25 [notice] 1#1: start worker process 36
2025/10/13 09:41:25 [notice] 1#1: start worker process 37
2025/10/13 09:41:25 [notice] 1#1: start worker process 38
2025/10/13 09:41:25 [notice] 1#1: start worker process 39
2025/10/13 09:41:25 [notice] 1#1: start worker process 40
2025/10/13 09:41:25 [notice] 1#1: start worker process 41
2025/10/13 09:41:25 [notice] 1#1: start worker process 42
2025/10/13 09:41:25 [notice] 1#1: start worker process 43
2025/10/13 09:41:25 [notice] 1#1: start worker process 44
2025/10/14 00:14:11 [notice] 1#1: signal 3 (SIGQUIT) received, shutting down
2025/10/14 00:14:11 [notice] 29#29: gracefully shutting down
2025/10/14 00:14:11 [notice] 30#30: gracefully shutting down
2025/10/14 00:14:11 [notice] 30#30: exiting
2025/10/14 00:14:11 [notice] 29#29: exiting
2025/10/14 00:14:11 [notice] 30#30: exit
2025/10/14 00:14:11 [notice] 36#36: gracefully shutting down
2025/10/14 00:14:11 [notice] 33#33: gracefully shutting down
2025/10/14 00:14:11 [notice] 38#38: gracefully shutting down
2025/10/14 00:14:11 [notice] 29#29: exit
2025/10/14 00:14:11 [notice] 37#37: gracefully shutting down
2025/10/14 00:14:11 [notice] 36#36: exiting
2025/10/14 00:14:11 [notice] 40#40: gracefully shutting down
2025/10/14 00:14:11 [notice] 32#32: gracefully shutting down
2025/10/14 00:14:11 [notice] 33#33: exiting
2025/10/14 00:14:11 [notice] 38#38: exiting
2025/10/14 00:14:11 [notice] 41#41: gracefully shutting down
2025/10/14 00:14:11 [notice] 37#37: exiting
2025/10/14 00:14:11 [notice] 40#40: exiting
2025/10/14 00:14:11 [notice] 32#32: exiting
2025/10/14 00:14:11 [notice] 41#41: exiting
2025/10/14 00:14:11 [notice] 35#35: gracefully shutting down
2025/10/14 00:14:11 [notice] 35#35: exiting
2025/10/14 00:14:11 [notice] 36#36: exit
2025/10/14 00:14:11 [notice] 38#38: exit
2025/10/14 00:14:11 [notice] 33#33: exit
2025/10/14 00:14:11 [notice] 37#37: exit
2025/10/14 00:14:11 [notice] 32#32: exit
2025/10/14 00:14:11 [notice] 40#40: exit
2025/10/14 00:14:11 [notice] 41#41: exit
2025/10/14 00:14:11 [notice] 35#35: exit
2025/10/14 00:14:11 [notice] 31#31: gracefully shutting down
2025/10/14 00:14:11 [notice] 31#31: exiting
2025/10/14 00:14:11 [notice] 31#31: exit
2025/10/14 00:14:11 [notice] 34#34: gracefully shutting down
2025/10/14 00:14:11 [notice] 34#34: exiting
2025/10/14 00:14:11 [notice] 34#34: exit
2025/10/14 00:14:11 [notice] 44#44: gracefully shutting down
2025/10/14 00:14:11 [notice] 44#44: exiting
2025/10/14 00:14:11 [notice] 44#44: exit
2025/10/14 00:14:11 [notice] 43#43: gracefully shutting down
2025/10/14 00:14:11 [notice] 43#43: exiting
2025/10/14 00:14:11 [notice] 39#39: gracefully shutting down
2025/10/14 00:14:11 [notice] 39#39: exiting
2025/10/14 00:14:11 [notice] 43#43: exit
2025/10/14 00:14:11 [notice] 39#39: exit
2025/10/14 00:14:11 [notice] 42#42: gracefully shutting down
2025/10/14 00:14:11 [notice] 42#42: exiting
2025/10/14 00:14:11 [notice] 42#42: exit
2025/10/14 00:14:11 [notice] 1#1: signal 17 (SIGCHLD) received from 41
2025/10/14 00:14:11 [notice] 1#1: worker process 41 exited with code 0
2025/10/14 00:14:11 [notice] 1#1: signal 29 (SIGIO) received
2025/10/14 00:14:11 [notice] 1#1: signal 17 (SIGCHLD) received from 44
2025/10/14 00:14:11 [notice] 1#1: worker process 32 exited with code 0
2025/10/14 00:14:11 [notice] 1#1: worker process 44 exited with code 0
2025/10/14 00:14:11 [notice] 1#1: signal 29 (SIGIO) received
2025/10/14 00:14:11 [notice] 1#1: signal 17 (SIGCHLD) received from 32
2025/10/14 00:14:11 [notice] 1#1: signal 17 (SIGCHLD) received from 42
2025/10/14 00:14:11 [notice] 1#1: worker process 42 exited with code 0
2025/10/14 00:14:11 [notice] 1#1: signal 29 (SIGIO) received
2025/10/14 00:14:11 [notice] 1#1: signal 17 (SIGCHLD) received from 38
2025/10/14 00:14:11 [notice] 1#1: worker process 33 exited with code 0
2025/10/14 00:14:11 [notice] 1#1: worker process 35 exited with code 0
2025/10/14 00:14:11 [notice] 1#1: worker process 38 exited with code 0
2025/10/14 00:14:11 [notice] 1#1: worker process 40 exited with code 0
2025/10/14 00:14:11 [notice] 1#1: signal 29 (SIGIO) received
2025/10/14 00:14:11 [notice] 1#1: signal 17 (SIGCHLD) received from 29
2025/10/14 00:14:11 [notice] 1#1: worker process 29 exited with code 0
2025/10/14 00:14:11 [notice] 1#1: worker process 36 exited with code 0
2025/10/14 00:14:11 [notice] 1#1: worker process 43 exited with code 0
2025/10/14 00:14:11 [notice] 1#1: signal 29 (SIGIO) received
2025/10/14 00:14:11 [notice] 1#1: signal 17 (SIGCHLD) received from 37
2025/10/14 00:14:11 [notice] 1#1: worker process 37 exited with code 0
2025/10/14 00:14:11 [notice] 1#1: signal 29 (SIGIO) received
2025/10/14 00:14:11 [notice] 1#1: signal 17 (SIGCHLD) received from 39
2025/10/14 00:14:11 [notice] 1#1: worker process 39 exited with code 0
2025/10/14 00:14:11 [notice] 1#1: signal 29 (SIGIO) received
2025/10/14 00:14:11 [notice] 1#1: signal 17 (SIGCHLD) received from 30
2025/10/14 00:14:11 [notice] 1#1: worker process 30 exited with code 0
2025/10/14 00:14:11 [notice] 1#1: worker process 34 exited with code 0
2025/10/14 00:14:11 [notice] 1#1: signal 17 (SIGCHLD) received from 31
2025/10/14 00:14:11 [notice] 1#1: worker process 31 exited with code 0
2025/10/14 00:14:11 [notice] 1#1: exit
2025/10/14 00:14:51 [notice] 1#1: using the "epoll" event method
2025/10/14 00:14:51 [notice] 1#1: nginx/1.28.0
2025/10/14 00:14:51 [notice] 1#1: built by gcc 14.2.0 (Alpine 14.2.0) 
2025/10/14 00:14:51 [notice] 1#1: OS: Linux 6.14.0-33-generic
2025/10/14 00:14:51 [notice] 1#1: getrlimit(RLIMIT_NOFILE): 1048576:1048576
2025/10/14 00:14:51 [notice] 1#1: start worker processes
2025/10/14 00:14:51 [notice] 1#1: start worker process 29
2025/10/14 00:14:51 [notice] 1#1: start worker process 30
2025/10/14 00:14:51 [notice] 1#1: start worker process 31
2025/10/14 00:14:51 [notice] 1#1: start worker process 32
2025/10/14 00:14:51 [notice] 1#1: start worker process 33
2025/10/14 00:14:51 [notice] 1#1: start worker process 34
2025/10/14 00:14:51 [notice] 1#1: start worker process 35
2025/10/14 00:14:51 [notice] 1#1: start worker process 36
2025/10/14 00:14:51 [notice] 1#1: start worker process 37
2025/10/14 00:14:51 [notice] 1#1: start worker process 38
2025/10/14 00:14:51 [notice] 1#1: start worker process 39
2025/10/14 00:14:51 [notice] 1#1: start worker process 40
2025/10/14 00:14:51 [notice] 1#1: start worker process 41
2025/10/14 00:14:51 [notice] 1#1: start worker process 42
2025/10/14 00:14:51 [notice] 1#1: start worker process 43
2025/10/14 00:14:51 [notice] 1#1: start worker process 44
2025/10/14 00:32:24 [notice] 1#1: signal 3 (SIGQUIT) received, shutting down
2025/10/14 00:32:24 [notice] 30#30: gracefully shutting down
2025/10/14 00:32:24 [notice] 29#29: gracefully shutting down
2025/10/14 00:32:24 [notice] 31#31: gracefully shutting down
2025/10/14 00:32:24 [notice] 33#33: gracefully shutting down
2025/10/14 00:32:24 [notice] 32#32: gracefully shutting down
2025/10/14 00:32:24 [notice] 34#34: gracefully shutting down
2025/10/14 00:32:24 [notice] 36#36: gracefully shutting down
2025/10/14 00:32:24 [notice] 30#30: exiting
2025/10/14 00:32:24 [notice] 29#29: exiting
2025/10/14 00:32:24 [notice] 35#35: gracefully shutting down
2025/10/14 00:32:24 [notice] 31#31: exiting
2025/10/14 00:32:24 [notice] 33#33: exiting
2025/10/14 00:32:24 [notice] 32#32: exiting
2025/10/14 00:32:24 [notice] 37#37: gracefully shutting down
2025/10/14 00:32:24 [notice] 34#34: exiting
2025/10/14 00:32:24 [notice] 36#36: exiting
2025/10/14 00:32:24 [notice] 38#38: gracefully shutting down
2025/10/14 00:32:24 [notice] 35#35: exiting
2025/10/14 00:32:24 [notice] 37#37: exiting
2025/10/14 00:32:24 [notice] 38#38: exiting
2025/10/14 00:32:24 [notice] 39#39: gracefully shutting down
2025/10/14 00:32:24 [notice] 39#39: exiting
2025/10/14 00:32:24 [notice] 30#30: exit
2025/10/14 00:32:24 [notice] 33#33: exit
2025/10/14 00:32:24 [notice] 29#29: exit
2025/10/14 00:32:24 [notice] 31#31: exit
2025/10/14 00:32:24 [notice] 34#34: exit
2025/10/14 00:32:24 [notice] 37#37: exit
2025/10/14 00:32:24 [notice] 36#36: exit
2025/10/14 00:32:24 [notice] 35#35: exit
2025/10/14 00:32:24 [notice] 32#32: exit
2025/10/14 00:32:24 [notice] 38#38: exit
2025/10/14 00:32:24 [notice] 40#40: gracefully shutting down
2025/10/14 00:32:24 [notice] 39#39: exit
2025/10/14 00:32:24 [notice] 40#40: exiting
2025/10/14 00:32:24 [notice] 40#40: exit
2025/10/14 00:32:24 [notice] 41#41: gracefully shutting down
2025/10/14 00:32:24 [notice] 41#41: exiting
2025/10/14 00:32:24 [notice] 41#41: exit
2025/10/14 00:32:24 [notice] 42#42: gracefully shutting down
2025/10/14 00:32:24 [notice] 42#42: exiting
2025/10/14 00:32:24 [notice] 43#43: gracefully shutting down
2025/10/14 00:32:24 [notice] 44#44: gracefully shutting down
2025/10/14 00:32:24 [notice] 43#43: exiting
2025/10/14 00:32:24 [notice] 44#44: exiting
2025/10/14 00:32:24 [notice] 42#42: exit
2025/10/14 00:32:24 [notice] 43#43: exit
2025/10/14 00:32:24 [notice] 44#44: exit
2025/10/14 00:32:24 [notice] 1#1: signal 17 (SIGCHLD) received from 29
2025/10/14 00:32:24 [notice] 1#1: worker process 29 exited with code 0
2025/10/14 00:32:24 [notice] 1#1: signal 29 (SIGIO) received
2025/10/14 00:32:24 [notice] 1#1: signal 17 (SIGCHLD) received from 30
2025/10/14 00:32:24 [notice] 1#1: worker process 30 exited with code 0
2025/10/14 00:32:24 [notice] 1#1: signal 29 (SIGIO) received
2025/10/14 00:32:24 [notice] 1#1: signal 17 (SIGCHLD) received from 39
2025/10/14 00:32:24 [notice] 1#1: worker process 37 exited with code 0
2025/10/14 00:32:24 [notice] 1#1: worker process 39 exited with code 0
2025/10/14 00:32:24 [notice] 1#1: worker process 33 exited with code 0
2025/10/14 00:32:24 [notice] 1#1: signal 29 (SIGIO) received
2025/10/14 00:32:24 [notice] 1#1: signal 17 (SIGCHLD) received from 33
2025/10/14 00:32:24 [notice] 1#1: signal 17 (SIGCHLD) received from 32
2025/10/14 00:32:24 [notice] 1#1: worker process 32 exited with code 0
2025/10/14 00:32:24 [notice] 1#1: worker process 40 exited with code 0
2025/10/14 00:32:24 [notice] 1#1: worker process 44 exited with code 0
2025/10/14 00:32:24 [notice] 1#1: signal 29 (SIGIO) received
2025/10/14 00:32:24 [notice] 1#1: signal 17 (SIGCHLD) received from 44
2025/10/14 00:32:24 [notice] 1#1: signal 17 (SIGCHLD) received from 38
2025/10/14 00:32:24 [notice] 1#1: worker process 36 exited with code 0
2025/10/14 00:32:24 [notice] 1#1: worker process 38 exited with code 0
2025/10/14 00:32:24 [notice] 1#1: worker process 43 exited with code 0
2025/10/14 00:32:24 [notice] 1#1: signal 29 (SIGIO) received
2025/10/14 00:32:24 [notice] 1#1: signal 17 (SIGCHLD) received from 36
2025/10/14 00:32:24 [notice] 1#1: signal 17 (SIGCHLD) received from 35
2025/10/14 00:32:24 [notice] 1#1: worker process 35 exited with code 0
2025/10/14 00:32:24 [notice] 1#1: signal 29 (SIGIO) received
2025/10/14 00:32:24 [notice] 1#1: signal 17 (SIGCHLD) received from 41
2025/10/14 00:32:24 [notice] 1#1: worker process 41 exited with code 0
2025/10/14 00:32:24 [notice] 1#1: worker process 31 exited with code 0
2025/10/14 00:32:24 [notice] 1#1: worker process 42 exited with code 0
2025/10/14 00:32:24 [notice] 1#1: signal 29 (SIGIO) received
2025/10/14 00:32:24 [notice] 1#1: signal 17 (SIGCHLD) received from 31
2025/10/14 00:32:24 [notice] 1#1: signal 17 (SIGCHLD) received from 34
2025/10/14 00:32:24 [notice] 1#1: worker process 34 exited with code 0
2025/10/14 00:32:24 [notice] 1#1: exit
